# project ndn-cxx (0.8.0) configured on Fri Apr 22 17:37:01 2022 by
# waf 2.0.23 (abi 20, python 3080af0 on linux)
# using ./waf configure --enable-static --with-tests
#
----------------------------------------
Setting top to
/home/ndn-cxx 0.8.0
----------------------------------------
Setting out to
/home/ndn-cxx 0.8.0/build
----------------------------------------
Building static library
yes
----------------------------------------
Building shared library
yes
----------------------------------------
Build platform
linux
----------------------------------------
Host platform
linux
----------------------------------------
Checking for 'g++' (C++ compiler)
find program=['g++', 'c++'] paths=['/usr/local/sbin', '/usr/local/bin', '/usr/sbin', '/usr/bin', '/sbin', '/bin', '/usr/games', '/usr/local/games', '/snap/bin', '/home/depot_tools', '/home', '/home/shaka_packager/src/out/Release', '/usr/local/etc/ndncert', '/home/NDNCERT/ndncert-0.2/build', '/disk1/name-based-access-control-new/build', '/home/depot_tools', '/home', '/home/shaka_packager/src/out/Release', '/home/NDNRTC/ndnrtc/cpp/loopback/ndnrtc-tools', '/home/PyNDN2-master/python', '/home/PyNDN2-master/build/lib'] var='CXX' -> ['/usr/bin/g++']
['/usr/bin/g++', '-dM', '-E', '-']
out: #define __SSP_STRONG__ 3
#define __DBL_MIN_EXP__ (-1021)
#define __FLT32X_MAX_EXP__ 1024
#define __UINT_LEAST16_MAX__ 0xffff
#define __ATOMIC_ACQUIRE 2
#define __FLT128_MAX_10_EXP__ 4932
#define __FLT_MIN__ 1.17549435082228750796873653722224568e-38F
#define __GCC_IEC_559_COMPLEX 2
#define __UINT_LEAST8_TYPE__ unsigned char
#define __SIZEOF_FLOAT80__ 16
#define __INTMAX_C(c) c ## L
#define __CHAR_BIT__ 8
#define __UINT8_MAX__ 0xff
#define __WINT_MAX__ 0xffffffffU
#define __FLT32_MIN_EXP__ (-125)
#define __ORDER_LITTLE_ENDIAN__ 1234
#define __SIZE_MAX__ 0xffffffffffffffffUL
#define __WCHAR_MAX__ 0x7fffffff
#define __GCC_HAVE_SYNC_COMPARE_AND_SWAP_1 1
#define __GCC_HAVE_SYNC_COMPARE_AND_SWAP_2 1
#define __GCC_HAVE_SYNC_COMPARE_AND_SWAP_4 1
#define __DBL_DENORM_MIN__ ((double)4.94065645841246544176568792868221372e-324L)
#define __GCC_HAVE_SYNC_COMPARE_AND_SWAP_8 1
#define __GCC_ATOMIC_CHAR_LOCK_FREE 2
#define __GCC_IEC_559 2
#define __FLT32X_DECIMAL_DIG__ 17
#define __FLT_EVAL_METHOD__ 0
#define __unix__ 1
#define __FLT64_DECIMAL_DIG__ 17
#define __CET__ 3
#define __GCC_ATOMIC_CHAR32_T_LOCK_FREE 2
#define __x86_64 1
#define __UINT_FAST64_MAX__ 0xffffffffffffffffUL
#define __SIG_ATOMIC_TYPE__ int
#define __DBL_MIN_10_EXP__ (-307)
#define __FINITE_MATH_ONLY__ 0
#define __GNUC_PATCHLEVEL__ 0
#define __FLT32_HAS_DENORM__ 1
#define __UINT_FAST8_MAX__ 0xff
#define __has_include(STR) __has_include__(STR)
#define __DEC64_MAX_EXP__ 385
#define __INT8_C(c) c
#define __INT_LEAST8_WIDTH__ 8
#define __UINT_LEAST64_MAX__ 0xffffffffffffffffUL
#define __SHRT_MAX__ 0x7fff
#define __LDBL_MAX__ 1.18973149535723176502126385303097021e+4932L
#define __FLT64X_MAX_10_EXP__ 4932
#define __UINT_LEAST8_MAX__ 0xff
#define __GCC_ATOMIC_BOOL_LOCK_FREE 2
#define __FLT128_DENORM_MIN__ 6.47517511943802511092443895822764655e-4966F128
#define __UINTMAX_TYPE__ long unsigned int
#define __linux 1
#define __DEC32_EPSILON__ 1E-6DF
#define __FLT_EVAL_METHOD_TS_18661_3__ 0
#define __unix 1
#define __UINT32_MAX__ 0xffffffffU
#define __LDBL_MAX_EXP__ 16384
#define __FLT128_MIN_EXP__ (-16381)
#define __WINT_MIN__ 0U
#define __linux__ 1
#define __FLT128_MIN_10_EXP__ (-4931)
#define __INT_LEAST16_WIDTH__ 16
#define __SCHAR_MAX__ 0x7f
#define __FLT128_MANT_DIG__ 113
#define __WCHAR_MIN__ (-__WCHAR_MAX__ - 1)
#define __INT64_C(c) c ## L
#define __DBL_DIG__ 15
#define __GCC_ATOMIC_POINTER_LOCK_FREE 2
#define __FLT64X_MANT_DIG__ 64
#define __SIZEOF_INT__ 4
#define __SIZEOF_POINTER__ 8
#define __USER_LABEL_PREFIX__ 
#define __FLT64X_EPSILON__ 1.08420217248550443400745280086994171e-19F64x
#define __STDC_HOSTED__ 1
#define __LDBL_HAS_INFINITY__ 1
#define __FLT32_DIG__ 6
#define __FLT_EPSILON__ 1.19209289550781250000000000000000000e-7F
#define __SHRT_WIDTH__ 16
#define __LDBL_MIN__ 3.36210314311209350626267781732175260e-4932L
#define __STDC_UTF_16__ 1
#define __DEC32_MAX__ 9.999999E96DF
#define __FLT64X_DENORM_MIN__ 3.64519953188247460252840593361941982e-4951F64x
#define __FLT32X_HAS_INFINITY__ 1
#define __INT32_MAX__ 0x7fffffff
#define __INT_WIDTH__ 32
#define __SIZEOF_LONG__ 8
#define __STDC_IEC_559__ 1
#define __STDC_ISO_10646__ 201706L
#define __UINT16_C(c) c
#define __PTRDIFF_WIDTH__ 64
#define __DECIMAL_DIG__ 21
#define __FLT64_EPSILON__ 2.22044604925031308084726333618164062e-16F64
#define __gnu_linux__ 1
#define __INTMAX_WIDTH__ 64
#define __has_include_next(STR) __has_include_next__(STR)
#define __FLT64X_MIN_10_EXP__ (-4931)
#define __LDBL_HAS_QUIET_NAN__ 1
#define __FLT64_MANT_DIG__ 53
#define __GNUC__ 9
#define __pie__ 2
#define __MMX__ 1
#define __FLT_HAS_DENORM__ 1
#define __SIZEOF_LONG_DOUBLE__ 16
#define __BIGGEST_ALIGNMENT__ 16
#define __FLT64_MAX_10_EXP__ 308
#define __DBL_MAX__ ((double)1.79769313486231570814527423731704357e+308L)
#define __INT_FAST32_MAX__ 0x7fffffffffffffffL
#define __DBL_HAS_INFINITY__ 1
#define __HAVE_SPECULATION_SAFE_VALUE 1
#define __DEC32_MIN_EXP__ (-94)
#define __INTPTR_WIDTH__ 64
#define __FLT32X_HAS_DENORM__ 1
#define __INT_FAST16_TYPE__ long int
#define __LDBL_HAS_DENORM__ 1
#define __FLT128_HAS_INFINITY__ 1
#define __DEC128_MAX__ 9.999999999999999999999999999999999E6144DL
#define __INT_LEAST32_MAX__ 0x7fffffff
#define __DEC32_MIN__ 1E-95DF
#define __DBL_MAX_EXP__ 1024
#define __WCHAR_WIDTH__ 32
#define __FLT32_MAX__ 3.40282346638528859811704183484516925e+38F32
#define __DEC128_EPSILON__ 1E-33DL
#define __SSE2_MATH__ 1
#define __ATOMIC_HLE_RELEASE 131072
#define __PTRDIFF_MAX__ 0x7fffffffffffffffL
#define __amd64 1
#define __ATOMIC_HLE_ACQUIRE 65536
#define __FLT32_HAS_QUIET_NAN__ 1
#define __LONG_LONG_MAX__ 0x7fffffffffffffffLL
#define __SIZEOF_SIZE_T__ 8
#define __FLT64X_MIN_EXP__ (-16381)
#define __SIZEOF_WINT_T__ 4
#define __LONG_LONG_WIDTH__ 64
#define __FLT32_MAX_EXP__ 128
#define __GCC_HAVE_DWARF2_CFI_ASM 1
#define __GXX_ABI_VERSION 1013
#define __FLT_MIN_EXP__ (-125)
#define __FLT64X_HAS_QUIET_NAN__ 1
#define __INT_FAST64_TYPE__ long int
#define __FLT64_DENORM_MIN__ 4.94065645841246544176568792868221372e-324F64
#define __DBL_MIN__ ((double)2.22507385850720138309023271733240406e-308L)
#define __PIE__ 2
#define __LP64__ 1
#define __FLT32X_EPSILON__ 2.22044604925031308084726333618164062e-16F32x
#define __DECIMAL_BID_FORMAT__ 1
#define __FLT64_MIN_EXP__ (-1021)
#define __FLT64_MIN_10_EXP__ (-307)
#define __FLT64X_DECIMAL_DIG__ 21
#define __DEC128_MIN__ 1E-6143DL
#define __REGISTER_PREFIX__ 
#define __UINT16_MAX__ 0xffff
#define __DBL_HAS_DENORM__ 1
#define __FLT32_MIN__ 1.17549435082228750796873653722224568e-38F32
#define __UINT8_TYPE__ unsigned char
#define __NO_INLINE__ 1
#define __FLT_MANT_DIG__ 24
#define __LDBL_DECIMAL_DIG__ 21
#define __VERSION__ "9.4.0"
#define __UINT64_C(c) c ## UL
#define _STDC_PREDEF_H 1
#define __GCC_ATOMIC_INT_LOCK_FREE 2
#define __FLT128_MAX_EXP__ 16384
#define __FLT32_MANT_DIG__ 24
#define __FLOAT_WORD_ORDER__ __ORDER_LITTLE_ENDIAN__
#define __STDC_IEC_559_COMPLEX__ 1
#define __FLT128_HAS_DENORM__ 1
#define __FLT128_DIG__ 33
#define __SCHAR_WIDTH__ 8
#define __INT32_C(c) c
#define __DEC64_EPSILON__ 1E-15DD
#define __ORDER_PDP_ENDIAN__ 3412
#define __DEC128_MIN_EXP__ (-6142)
#define __FLT32_MAX_10_EXP__ 38
#define __INT_FAST32_TYPE__ long int
#define __UINT_LEAST16_TYPE__ short unsigned int
#define __FLT64X_HAS_INFINITY__ 1
#define unix 1
#define __INT16_MAX__ 0x7fff
#define __SIZE_TYPE__ long unsigned int
#define __UINT64_MAX__ 0xffffffffffffffffUL
#define __FLT64X_DIG__ 18
#define __INT8_TYPE__ signed char
#define __ELF__ 1
#define __GCC_ASM_FLAG_OUTPUTS__ 1
#define __FLT_RADIX__ 2
#define __INT_LEAST16_TYPE__ short int
#define __LDBL_EPSILON__ 1.08420217248550443400745280086994171e-19L
#define __UINTMAX_C(c) c ## UL
#define __SSE_MATH__ 1
#define __k8 1
#define __SIG_ATOMIC_MAX__ 0x7fffffff
#define __GCC_ATOMIC_WCHAR_T_LOCK_FREE 2
#define __SIZEOF_PTRDIFF_T__ 8
#define __FLT32X_MANT_DIG__ 53
#define __x86_64__ 1
#define __FLT32X_MIN_EXP__ (-1021)
#define __DEC32_SUBNORMAL_MIN__ 0.000001E-95DF
#define __INT_FAST16_MAX__ 0x7fffffffffffffffL
#define __FLT64_DIG__ 15
#define __UINT_FAST32_MAX__ 0xffffffffffffffffUL
#define __UINT_LEAST64_TYPE__ long unsigned int
#define __FLT_HAS_QUIET_NAN__ 1
#define __FLT_MAX_10_EXP__ 38
#define __LONG_MAX__ 0x7fffffffffffffffL
#define __FLT64X_HAS_DENORM__ 1
#define __DEC128_SUBNORMAL_MIN__ 0.000000000000000000000000000000001E-6143DL
#define __FLT_HAS_INFINITY__ 1
#define __UINT_FAST16_TYPE__ long unsigned int
#define __DEC64_MAX__ 9.999999999999999E384DD
#define __INT_FAST32_WIDTH__ 64
#define __CHAR16_TYPE__ short unsigned int
#define __PRAGMA_REDEFINE_EXTNAME 1
#define __SIZE_WIDTH__ 64
#define __SEG_FS 1
#define __INT_LEAST16_MAX__ 0x7fff
#define __DEC64_MANT_DIG__ 16
#define __INT64_MAX__ 0x7fffffffffffffffL
#define __UINT_LEAST32_MAX__ 0xffffffffU
#define __SEG_GS 1
#define __FLT32_DENORM_MIN__ 1.40129846432481707092372958328991613e-45F32
#define __GCC_ATOMIC_LONG_LOCK_FREE 2
#define __SIG_ATOMIC_WIDTH__ 32
#define __INT_LEAST64_TYPE__ long int
#define __INT16_TYPE__ short int
#define __INT_LEAST8_TYPE__ signed char
#define __STDC_VERSION__ 201710L
#define __DEC32_MAX_EXP__ 97
#define __INT_FAST8_MAX__ 0x7f
#define __FLT128_MAX__ 1.18973149535723176508575932662800702e+4932F128
#define __INTPTR_MAX__ 0x7fffffffffffffffL
#define linux 1
#define __FLT64_HAS_QUIET_NAN__ 1
#define __FLT32_MIN_10_EXP__ (-37)
#define __SSE2__ 1
#define __FLT32X_DIG__ 15
#define __LDBL_MANT_DIG__ 64
#define __DBL_HAS_QUIET_NAN__ 1
#define __FLT64_HAS_INFINITY__ 1
#define __FLT64X_MAX__ 1.18973149535723176502126385303097021e+4932F64x
#define __SIG_ATOMIC_MIN__ (-__SIG_ATOMIC_MAX__ - 1)
#define __code_model_small__ 1
#define __k8__ 1
#define __INTPTR_TYPE__ long int
#define __UINT16_TYPE__ short unsigned int
#define __WCHAR_TYPE__ int
#define __SIZEOF_FLOAT__ 4
#define __pic__ 2
#define __UINTPTR_MAX__ 0xffffffffffffffffUL
#define __INT_FAST64_WIDTH__ 64
#define __DEC64_MIN_EXP__ (-382)
#define __FLT32_DECIMAL_DIG__ 9
#define __INT_FAST64_MAX__ 0x7fffffffffffffffL
#define __GCC_ATOMIC_TEST_AND_SET_TRUEVAL 1
#define __FLT_DIG__ 6
#define __FLT32_HAS_INFINITY__ 1
#define __FLT64X_MAX_EXP__ 16384
#define __UINT_FAST64_TYPE__ long unsigned int
#define __INT_MAX__ 0x7fffffff
#define __amd64__ 1
#define __INT64_TYPE__ long int
#define __FLT_MAX_EXP__ 128
#define __ORDER_BIG_ENDIAN__ 4321
#define __DBL_MANT_DIG__ 53
#define __SIZEOF_FLOAT128__ 16
#define __INT_LEAST64_MAX__ 0x7fffffffffffffffL
#define __GCC_ATOMIC_CHAR16_T_LOCK_FREE 2
#define __DEC64_MIN__ 1E-383DD
#define __WINT_TYPE__ unsigned int
#define __UINT_LEAST32_TYPE__ unsigned int
#define __SIZEOF_SHORT__ 2
#define __SSE__ 1
#define __LDBL_MIN_EXP__ (-16381)
#define __FLT64_MAX__ 1.79769313486231570814527423731704357e+308F64
#define __WINT_WIDTH__ 32
#define __INT_LEAST8_MAX__ 0x7f
#define __FLT32X_MAX_10_EXP__ 308
#define __SIZEOF_INT128__ 16
#define __LDBL_MAX_10_EXP__ 4932
#define __ATOMIC_RELAXED 0
#define __DBL_EPSILON__ ((double)2.22044604925031308084726333618164062e-16L)
#define __FLT128_MIN__ 3.36210314311209350626267781732175260e-4932F128
#define _LP64 1
#define __UINT8_C(c) c
#define __FLT64_MAX_EXP__ 1024
#define __INT_LEAST32_TYPE__ int
#define __SIZEOF_WCHAR_T__ 4
#define __UINT64_TYPE__ long unsigned int
#define __FLT128_HAS_QUIET_NAN__ 1
#define __INT_FAST8_TYPE__ signed char
#define __FLT64X_MIN__ 3.36210314311209350626267781732175260e-4932F64x
#define __GNUC_STDC_INLINE__ 1
#define __FLT64_HAS_DENORM__ 1
#define __FLT32_EPSILON__ 1.19209289550781250000000000000000000e-7F32
#define __DBL_DECIMAL_DIG__ 17
#define __STDC_UTF_32__ 1
#define __INT_FAST8_WIDTH__ 8
#define __FXSR__ 1
#define __DEC_EVAL_METHOD__ 2
#define __FLT32X_MAX__ 1.79769313486231570814527423731704357e+308F32x
#define __UINT32_C(c) c ## U
#define __INTMAX_MAX__ 0x7fffffffffffffffL
#define __BYTE_ORDER__ __ORDER_LITTLE_ENDIAN__
#define __FLT_DENORM_MIN__ 1.40129846432481707092372958328991613e-45F
#define __INT8_MAX__ 0x7f
#define __LONG_WIDTH__ 64
#define __PIC__ 2
#define __UINT_FAST32_TYPE__ long unsigned int
#define __CHAR32_TYPE__ unsigned int
#define __FLT_MAX__ 3.40282346638528859811704183484516925e+38F
#define __INT32_TYPE__ int
#define __SIZEOF_DOUBLE__ 8
#define __FLT_MIN_10_EXP__ (-37)
#define __FLT64_MIN__ 2.22507385850720138309023271733240406e-308F64
#define __INT_LEAST32_WIDTH__ 32
#define __INTMAX_TYPE__ long int
#define __DEC128_MAX_EXP__ 6145
#define __FLT32X_HAS_QUIET_NAN__ 1
#define __ATOMIC_CONSUME 1
#define __GNUC_MINOR__ 4
#define __INT_FAST16_WIDTH__ 64
#define __UINTMAX_MAX__ 0xffffffffffffffffUL
#define __DEC32_MANT_DIG__ 7
#define __FLT32X_DENORM_MIN__ 4.94065645841246544176568792868221372e-324F32x
#define __DBL_MAX_10_EXP__ 308
#define __LDBL_DENORM_MIN__ 3.64519953188247460252840593361941982e-4951L
#define __INT16_C(c) c
#define __STDC__ 1
#define __PTRDIFF_TYPE__ long int
#define __ATOMIC_SEQ_CST 5
#define __UINT32_TYPE__ unsigned int
#define __FLT32X_MIN_10_EXP__ (-307)
#define __UINTPTR_TYPE__ long unsigned int
#define __DEC64_SUBNORMAL_MIN__ 0.000000000000001E-383DD
#define __DEC128_MANT_DIG__ 34
#define __LDBL_MIN_10_EXP__ (-4931)
#define __FLT128_EPSILON__ 1.92592994438723585305597794258492732e-34F128
#define __SIZEOF_LONG_LONG__ 8
#define __FLT128_DECIMAL_DIG__ 36
#define __GCC_ATOMIC_LLONG_LOCK_FREE 2
#define __FLT32X_MIN__ 2.22507385850720138309023271733240406e-308F32x
#define __LDBL_DIG__ 18
#define __FLT_DECIMAL_DIG__ 9
#define __UINT_FAST16_MAX__ 0xffffffffffffffffUL
#define __GCC_ATOMIC_SHORT_LOCK_FREE 2
#define __INT_LEAST64_WIDTH__ 64
#define __UINT_FAST8_TYPE__ unsigned char
#define __ATOMIC_ACQ_REL 4
#define __ATOMIC_RELEASE 3

find program=['ar'] paths=['/usr/local/sbin', '/usr/local/bin', '/usr/sbin', '/usr/bin', '/sbin', '/bin', '/usr/games', '/usr/local/games', '/snap/bin', '/home/depot_tools', '/home', '/home/shaka_packager/src/out/Release', '/usr/local/etc/ndncert', '/home/NDNCERT/ndncert-0.2/build', '/disk1/name-based-access-control-new/build', '/home/depot_tools', '/home', '/home/shaka_packager/src/out/Release', '/home/NDNRTC/ndnrtc/cpp/loopback/ndnrtc-tools', '/home/PyNDN2-master/python', '/home/PyNDN2-master/build/lib'] var='AR' -> ['/usr/local/bin/ar']
/usr/bin/g++
----------------------------------------
Checking C++ compiler version
9.4.0
----------------------------------------
Checking supported CXXFLAGS
==>

int main(int argc, char **argv) {
	(void)argc; (void)argv;
	return 0;
}

<==
[1/2] Compiling [32mbuild/.conf_check_a8ebeef3cf2874c2e735b2a253d06665/test.cpp[0m

['/usr/bin/g++', '-Werror', '-std=c++14', '../test.cpp', '-c', '-o/home/ndn-cxx 0.8.0/build/.conf_check_a8ebeef3cf2874c2e735b2a253d06665/testbuild/test.cpp.1.o']
[2/2] Linking [33mbuild/.conf_check_a8ebeef3cf2874c2e735b2a253d06665/testbuild/testprog[0m

['/usr/bin/g++', 'test.cpp.1.o', '-o/home/ndn-cxx 0.8.0/build/.conf_check_a8ebeef3cf2874c2e735b2a253d06665/testbuild/testprog', '-Wl,-Bstatic', '-Wl,-Bdynamic']
-std=c++14
----------------------------------------
Checking supported LINKFLAGS
==>

int main(int argc, char **argv) {
	(void)argc; (void)argv;
	return 0;
}

<==
[1/2] Compiling [32mbuild/.conf_check_841792a9e403972e315823b70a8ee211/test.cpp[0m

['/usr/bin/g++', '-std=c++14', '../test.cpp', '-c', '-o/home/ndn-cxx 0.8.0/build/.conf_check_841792a9e403972e315823b70a8ee211/testbuild/test.cpp.1.o']
[2/2] Linking [33mbuild/.conf_check_841792a9e403972e315823b70a8ee211/testbuild/testprog[0m

['/usr/bin/g++', '-Werror', '-fuse-ld=gold', 'test.cpp.1.o', '-o/home/ndn-cxx 0.8.0/build/.conf_check_841792a9e403972e315823b70a8ee211/testbuild/testprog', '-Wl,-Bstatic', '-Wl,-Bdynamic']
-fuse-ld=gold
----------------------------------------
Checking for std::to_string
==>

#include <string>
int
main()
{
  std::string s = std::to_string(0);
  s = std::to_string(0l);
  s = std::to_string(0ll);
  s = std::to_string(0u);
  s = std::to_string(0ul);
  s = std::to_string(0ull);
  s = std::to_string(0.0f);
  s = std::to_string(0.0);
  s = std::to_string(0.0l);
  s.clear();
}

<==
[1/2] Compiling [32mbuild/.conf_check_3188f624ce8ff1eb20933902d01ce878/test.cpp[0m

['/usr/bin/g++', '-std=c++14', '../test.cpp', '-c', '-o/home/ndn-cxx 0.8.0/build/.conf_check_3188f624ce8ff1eb20933902d01ce878/testbuild/test.cpp.1.o']
[2/2] Linking [33mbuild/.conf_check_3188f624ce8ff1eb20933902d01ce878/testbuild/testprog[0m

['/usr/bin/g++', '-fuse-ld=gold', 'test.cpp.1.o', '-o/home/ndn-cxx 0.8.0/build/.conf_check_3188f624ce8ff1eb20933902d01ce878/testbuild/testprog', '-Wl,-Bstatic', '-Wl,-Bdynamic']
yes
----------------------------------------
Checking for program 'doxygen'
/usr/bin/doxygen
find program=['doxygen'] paths=['/usr/local/sbin', '/usr/local/bin', '/usr/sbin', '/usr/bin', '/sbin', '/bin', '/usr/games', '/usr/local/games', '/snap/bin', '/home/depot_tools', '/home', '/home/shaka_packager/src/out/Release', '/usr/local/etc/ndncert', '/home/NDNCERT/ndncert-0.2/build', '/disk1/name-based-access-control-new/build', '/home/depot_tools', '/home', '/home/shaka_packager/src/out/Release', '/home/NDNRTC/ndnrtc/cpp/loopback/ndnrtc-tools', '/home/PyNDN2-master/python', '/home/PyNDN2-master/build/lib'] var='DOXYGEN' -> ['/usr/bin/doxygen']
----------------------------------------
Checking for program 'tar'
/usr/bin/tar
find program=['tar'] paths=['/usr/local/sbin', '/usr/local/bin', '/usr/sbin', '/usr/bin', '/sbin', '/bin', '/usr/games', '/usr/local/games', '/snap/bin', '/home/depot_tools', '/home', '/home/shaka_packager/src/out/Release', '/usr/local/etc/ndncert', '/home/NDNCERT/ndncert-0.2/build', '/disk1/name-based-access-control-new/build', '/home/depot_tools', '/home', '/home/shaka_packager/src/out/Release', '/home/NDNRTC/ndnrtc/cpp/loopback/ndnrtc-tools', '/home/PyNDN2-master/python', '/home/PyNDN2-master/build/lib'] var='TAR' -> ['/usr/bin/tar']
----------------------------------------
Checking for program 'sphinx-build'
/usr/local/bin/sphinx-build
find program=['sphinx-build'] paths=['/usr/local/sbin', '/usr/local/bin', '/usr/sbin', '/usr/bin', '/sbin', '/bin', '/usr/games', '/usr/local/games', '/snap/bin', '/home/depot_tools', '/home', '/home/shaka_packager/src/out/Release', '/usr/local/etc/ndncert', '/home/NDNCERT/ndncert-0.2/build', '/disk1/name-based-access-control-new/build', '/home/depot_tools', '/home', '/home/shaka_packager/src/out/Release', '/home/NDNRTC/ndnrtc/cpp/loopback/ndnrtc-tools', '/home/PyNDN2-master/python', '/home/PyNDN2-master/build/lib'] var='SPHINX_BUILD' -> ['/usr/local/bin/sphinx-build']
----------------------------------------
Checking for program 'dot'
/usr/bin/dot
find program=['dot'] paths=['/usr/local/sbin', '/usr/local/bin', '/usr/sbin', '/usr/bin', '/sbin', '/bin', '/usr/games', '/usr/local/games', '/snap/bin', '/home/depot_tools', '/home', '/home/shaka_packager/src/out/Release', '/usr/local/etc/ndncert', '/home/NDNCERT/ndncert-0.2/build', '/disk1/name-based-access-control-new/build', '/home/depot_tools', '/home', '/home/shaka_packager/src/out/Release', '/home/NDNRTC/ndnrtc/cpp/loopback/ndnrtc-tools', '/home/PyNDN2-master/python', '/home/PyNDN2-master/build/lib'] var='DOT' -> ['/usr/bin/dot']
----------------------------------------
Checking for library atomic
==>

int main(int argc, char **argv) {
	(void)argc; (void)argv;
	return 0;
}

<==
[1/2] Compiling [32mbuild/.conf_check_b16cdd2568617059cfef13168338ecbd/test.cpp[0m

['/usr/bin/g++', '-std=c++14', '-DHAVE_STD_TO_STRING=1', '../test.cpp', '-c', '-o/home/ndn-cxx 0.8.0/build/.conf_check_b16cdd2568617059cfef13168338ecbd/testbuild/test.cpp.1.o']
[2/2] Linking [33mbuild/.conf_check_b16cdd2568617059cfef13168338ecbd/testbuild/testprog[0m

['/usr/bin/g++', '-fuse-ld=gold', 'test.cpp.1.o', '-o/home/ndn-cxx 0.8.0/build/.conf_check_b16cdd2568617059cfef13168338ecbd/testbuild/testprog', '-Wl,-Bstatic', '-Wl,-Bdynamic', '-latomic']
yes
----------------------------------------
Checking for library pthread
==>

int main(int argc, char **argv) {
	(void)argc; (void)argv;
	return 0;
}

<==
[1/2] Compiling [32mbuild/.conf_check_e96a7c20569551188a73b82bc5633c97/test.cpp[0m

['/usr/bin/g++', '-std=c++14', '-DHAVE_STD_TO_STRING=1', '-DHAVE_ATOMIC=1', '../test.cpp', '-c', '-o/home/ndn-cxx 0.8.0/build/.conf_check_e96a7c20569551188a73b82bc5633c97/testbuild/test.cpp.1.o']
[2/2] Linking [33mbuild/.conf_check_e96a7c20569551188a73b82bc5633c97/testbuild/testprog[0m

['/usr/bin/g++', '-fuse-ld=gold', 'test.cpp.1.o', '-o/home/ndn-cxx 0.8.0/build/.conf_check_e96a7c20569551188a73b82bc5633c97/testbuild/testprog', '-Wl,-Bstatic', '-Wl,-Bdynamic', '-lpthread']
yes
----------------------------------------
Checking for library rt
==>

int main(int argc, char **argv) {
	(void)argc; (void)argv;
	return 0;
}

<==
[1/2] Compiling [32mbuild/.conf_check_6a2f2daa1f92c80136c1962bf3baf63c/test.cpp[0m

['/usr/bin/g++', '-std=c++14', '-DHAVE_STD_TO_STRING=1', '-DHAVE_ATOMIC=1', '-DHAVE_PTHREAD=1', '../test.cpp', '-c', '-o/home/ndn-cxx 0.8.0/build/.conf_check_6a2f2daa1f92c80136c1962bf3baf63c/testbuild/test.cpp.1.o']
[2/2] Linking [33mbuild/.conf_check_6a2f2daa1f92c80136c1962bf3baf63c/testbuild/testprog[0m

['/usr/bin/g++', '-fuse-ld=gold', 'test.cpp.1.o', '-o/home/ndn-cxx 0.8.0/build/.conf_check_6a2f2daa1f92c80136c1962bf3baf63c/testbuild/testprog', '-Wl,-Bstatic', '-Wl,-Bdynamic', '-lrt']
yes
----------------------------------------
Checking for function getpass
==>
#include <unistd.h>
                               int main() { getpass("Enter password"); }
<==
[1/2] Compiling [32mbuild/.conf_check_6fe3eb9d17465ccaf5ef351764ea8680/test.cpp[0m

['/usr/bin/g++', '-std=c++14', '-DHAVE_STD_TO_STRING=1', '-DHAVE_ATOMIC=1', '-DHAVE_PTHREAD=1', '-DHAVE_RT=1', '../test.cpp', '-c', '-o/home/ndn-cxx 0.8.0/build/.conf_check_6fe3eb9d17465ccaf5ef351764ea8680/testbuild/test.cpp.1.o']
[2/2] Linking [33mbuild/.conf_check_6fe3eb9d17465ccaf5ef351764ea8680/testbuild/testprog[0m

['/usr/bin/g++', '-fuse-ld=gold', 'test.cpp.1.o', '-o/home/ndn-cxx 0.8.0/build/.conf_check_6fe3eb9d17465ccaf5ef351764ea8680/testbuild/testprog', '-Wl,-Bstatic', '-Wl,-Bdynamic']
yes
----------------------------------------
Checking for netlink
==>
#include <linux/if_addr.h>
#include <linux/if_link.h>
#include <linux/netlink.h>
#include <linux/rtnetlink.h>
#include <linux/genetlink.h>

int main(int argc, char **argv) {
	(void)argc; (void)argv;
	return 0;
}

<==
[1/2] Compiling [32mbuild/.conf_check_f85654f274dc1a569f5a1c86387086b0/test.cpp[0m

['/usr/bin/g++', '-std=c++14', '-DHAVE_STD_TO_STRING=1', '-DHAVE_ATOMIC=1', '-DHAVE_PTHREAD=1', '-DHAVE_RT=1', '-DHAVE_GETPASS=1', '../test.cpp', '-c', '-o/home/ndn-cxx 0.8.0/build/.conf_check_f85654f274dc1a569f5a1c86387086b0/testbuild/test.cpp.1.o']
[2/2] Linking [33mbuild/.conf_check_f85654f274dc1a569f5a1c86387086b0/testbuild/testprog[0m

['/usr/bin/g++', '-fuse-ld=gold', 'test.cpp.1.o', '-o/home/ndn-cxx 0.8.0/build/.conf_check_f85654f274dc1a569f5a1c86387086b0/testbuild/testprog', '-Wl,-Bstatic', '-Wl,-Bdynamic']
yes
----------------------------------------
Checking for NETLINK_EXT_ACK
==>
#include <linux/netlink.h>
                                   int main() { return NETLINK_EXT_ACK; }
<==
[1/2] Compiling [32mbuild/.conf_check_4712014921d8e04fe25401f581c5490a/test.cpp[0m

['/usr/bin/g++', '-std=c++14', '-DHAVE_STD_TO_STRING=1', '-DHAVE_ATOMIC=1', '-DHAVE_PTHREAD=1', '-DHAVE_RT=1', '-DHAVE_GETPASS=1', '-DHAVE_NETLINK=1', '../test.cpp', '-c', '-o/home/ndn-cxx 0.8.0/build/.conf_check_4712014921d8e04fe25401f581c5490a/testbuild/test.cpp.1.o']
[2/2] Linking [33mbuild/.conf_check_4712014921d8e04fe25401f581c5490a/testbuild/testprog[0m

['/usr/bin/g++', '-fuse-ld=gold', 'test.cpp.1.o', '-o/home/ndn-cxx 0.8.0/build/.conf_check_4712014921d8e04fe25401f581c5490a/testbuild/testprog', '-Wl,-Bstatic', '-Wl,-Bdynamic']
yes
----------------------------------------
Checking for IFA_FLAGS
==>
#include <linux/if_addr.h>
                                   int main() { return IFA_FLAGS; }
<==
[1/2] Compiling [32mbuild/.conf_check_a1cf796dd23006c2a704ca088209150f/test.cpp[0m

['/usr/bin/g++', '-std=c++14', '-DHAVE_STD_TO_STRING=1', '-DHAVE_ATOMIC=1', '-DHAVE_PTHREAD=1', '-DHAVE_RT=1', '-DHAVE_GETPASS=1', '-DHAVE_NETLINK=1', '-DHAVE_NETLINK_EXT_ACK=1', '../test.cpp', '-c', '-o/home/ndn-cxx 0.8.0/build/.conf_check_a1cf796dd23006c2a704ca088209150f/testbuild/test.cpp.1.o']
[2/2] Linking [33mbuild/.conf_check_a1cf796dd23006c2a704ca088209150f/testbuild/testprog[0m

['/usr/bin/g++', '-fuse-ld=gold', 'test.cpp.1.o', '-o/home/ndn-cxx 0.8.0/build/.conf_check_a1cf796dd23006c2a704ca088209150f/testbuild/testprog', '-Wl,-Bstatic', '-Wl,-Bdynamic']
yes
----------------------------------------
Checking for program 'pkg-config'
/usr/bin/pkg-config
find program=['pkg-config'] paths=['/usr/local/sbin', '/usr/local/bin', '/usr/sbin', '/usr/bin', '/sbin', '/bin', '/usr/games', '/usr/local/games', '/snap/bin', '/home/depot_tools', '/home', '/home/shaka_packager/src/out/Release', '/usr/local/etc/ndncert', '/home/NDNCERT/ndncert-0.2/build', '/disk1/name-based-access-control-new/build', '/home/depot_tools', '/home', '/home/shaka_packager/src/out/Release', '/home/NDNRTC/ndnrtc/cpp/loopback/ndnrtc-tools', '/home/PyNDN2-master/python', '/home/PyNDN2-master/build/lib'] var='PKGCONFIG' -> ['/usr/bin/pkg-config']
----------------------------------------
Checking for 'sqlite3'
['/usr/bin/pkg-config', '--cflags', '--libs', 'sqlite3']
out: -lsqlite3

yes
----------------------------------------
Checking for OpenSSL version
OpenSSL 1.1.1f  31 Mar 2020
----------------------------------------
Checking if OpenSSL library works
==>

int main(int argc, char **argv) {
	(void)argc; (void)argv;
	return 0;
}

<==
[1/2] Compiling [32mbuild/.conf_check_7c8838bd90bf751e7a45dbbfdfb0ae6b/test.cpp[0m

['/usr/bin/g++', '-std=c++14', '-I/usr/include', '-DHAVE_STD_TO_STRING=1', '-DHAVE_ATOMIC=1', '-DHAVE_PTHREAD=1', '-DHAVE_RT=1', '-DHAVE_GETPASS=1', '-DHAVE_NETLINK=1', '-DHAVE_NETLINK_EXT_ACK=1', '-DHAVE_IFA_FLAGS=1', '-DHAVE_SQLITE3=1', '../test.cpp', '-c', '-o/home/ndn-cxx 0.8.0/build/.conf_check_7c8838bd90bf751e7a45dbbfdfb0ae6b/testbuild/test.cpp.1.o']
[2/2] Linking [33mbuild/.conf_check_7c8838bd90bf751e7a45dbbfdfb0ae6b/testbuild/testprog[0m

['/usr/bin/g++', '-fuse-ld=gold', 'test.cpp.1.o', '-o/home/ndn-cxx 0.8.0/build/.conf_check_7c8838bd90bf751e7a45dbbfdfb0ae6b/testbuild/testprog', '-Wl,-Bstatic', '-Wl,-Bdynamic', '-L/usr/lib', '-lcrypto']
yes
----------------------------------------
Checking for program 'dpkg-architecture'
/usr/bin/dpkg-architecture
find program=['dpkg-architecture'] paths=['/usr/local/sbin', '/usr/local/bin', '/usr/sbin', '/usr/bin', '/sbin', '/bin', '/usr/games', '/usr/local/games', '/snap/bin', '/home/depot_tools', '/home', '/home/shaka_packager/src/out/Release', '/usr/local/etc/ndncert', '/home/NDNCERT/ndncert-0.2/build', '/disk1/name-based-access-control-new/build', '/home/depot_tools', '/home', '/home/shaka_packager/src/out/Release', '/home/NDNRTC/ndnrtc/cpp/loopback/ndnrtc-tools', '/home/PyNDN2-master/python', '/home/PyNDN2-master/build/lib'] var='DPKG_ARCHITECTURE' -> ['/usr/bin/dpkg-architecture']
['/usr/bin/dpkg-architecture', '-qDEB_HOST_MULTIARCH']
out: x86_64-linux-gnu

----------------------------------------
Checking boost includes
1.71.0
----------------------------------------
Checking boost libs
Found the boost path in /usr/lib/x86_64-linux-gnu with the libraries:
    /usr/lib/x86_64-linux-gnu/libboost_atomic.a
    /usr/lib/x86_64-linux-gnu/libboost_atomic.so
    /usr/lib/x86_64-linux-gnu/libboost_atomic.so.1.71.0
    /usr/lib/x86_64-linux-gnu/libboost_chrono.a
    /usr/lib/x86_64-linux-gnu/libboost_chrono.so
    /usr/lib/x86_64-linux-gnu/libboost_chrono.so.1.71.0
    /usr/lib/x86_64-linux-gnu/libboost_container.a
    /usr/lib/x86_64-linux-gnu/libboost_container.so
    /usr/lib/x86_64-linux-gnu/libboost_container.so.1.71.0
    /usr/lib/x86_64-linux-gnu/libboost_context.a
    /usr/lib/x86_64-linux-gnu/libboost_context.so
    /usr/lib/x86_64-linux-gnu/libboost_context.so.1.71.0
    /usr/lib/x86_64-linux-gnu/libboost_coroutine.a
    /usr/lib/x86_64-linux-gnu/libboost_coroutine.so
    /usr/lib/x86_64-linux-gnu/libboost_coroutine.so.1.71.0
    /usr/lib/x86_64-linux-gnu/libboost_date_time.a
    /usr/lib/x86_64-linux-gnu/libboost_date_time.so
    /usr/lib/x86_64-linux-gnu/libboost_date_time.so.1.71.0
    /usr/lib/x86_64-linux-gnu/libboost_exception.a
    /usr/lib/x86_64-linux-gnu/libboost_fiber.a
    /usr/lib/x86_64-linux-gnu/libboost_fiber.so
    /usr/lib/x86_64-linux-gnu/libboost_fiber.so.1.71.0
    /usr/lib/x86_64-linux-gnu/libboost_filesystem.a
    /usr/lib/x86_64-linux-gnu/libboost_filesystem.so
    /usr/lib/x86_64-linux-gnu/libboost_filesystem.so.1.71.0
    /usr/lib/x86_64-linux-gnu/libboost_graph.a
    /usr/lib/x86_64-linux-gnu/libboost_graph.so
    /usr/lib/x86_64-linux-gnu/libboost_graph.so.1.71.0
    /usr/lib/x86_64-linux-gnu/libboost_graph_parallel.a
    /usr/lib/x86_64-linux-gnu/libboost_graph_parallel.so
    /usr/lib/x86_64-linux-gnu/libboost_graph_parallel.so.1.71.0
    /usr/lib/x86_64-linux-gnu/libboost_iostreams.a
    /usr/lib/x86_64-linux-gnu/libboost_iostreams.so
    /usr/lib/x86_64-linux-gnu/libboost_iostreams.so.1.71.0
    /usr/lib/x86_64-linux-gnu/libboost_locale.a
    /usr/lib/x86_64-linux-gnu/libboost_locale.so
    /usr/lib/x86_64-linux-gnu/libboost_locale.so.1.71.0
    /usr/lib/x86_64-linux-gnu/libboost_log.a
    /usr/lib/x86_64-linux-gnu/libboost_log.so
    /usr/lib/x86_64-linux-gnu/libboost_log.so.1.71.0
    /usr/lib/x86_64-linux-gnu/libboost_log_setup.a
    /usr/lib/x86_64-linux-gnu/libboost_log_setup.so
    /usr/lib/x86_64-linux-gnu/libboost_log_setup.so.1.71.0
    /usr/lib/x86_64-linux-gnu/libboost_math_c99.a
    /usr/lib/x86_64-linux-gnu/libboost_math_c99.so
    /usr/lib/x86_64-linux-gnu/libboost_math_c99.so.1.71.0
    /usr/lib/x86_64-linux-gnu/libboost_math_c99f.a
    /usr/lib/x86_64-linux-gnu/libboost_math_c99f.so
    /usr/lib/x86_64-linux-gnu/libboost_math_c99f.so.1.71.0
    /usr/lib/x86_64-linux-gnu/libboost_math_c99l.a
    /usr/lib/x86_64-linux-gnu/libboost_math_c99l.so
    /usr/lib/x86_64-linux-gnu/libboost_math_c99l.so.1.71.0
    /usr/lib/x86_64-linux-gnu/libboost_math_tr1.a
    /usr/lib/x86_64-linux-gnu/libboost_math_tr1.so
    /usr/lib/x86_64-linux-gnu/libboost_math_tr1.so.1.71.0
    /usr/lib/x86_64-linux-gnu/libboost_math_tr1f.a
    /usr/lib/x86_64-linux-gnu/libboost_math_tr1f.so
    /usr/lib/x86_64-linux-gnu/libboost_math_tr1f.so.1.71.0
    /usr/lib/x86_64-linux-gnu/libboost_math_tr1l.a
    /usr/lib/x86_64-linux-gnu/libboost_math_tr1l.so
    /usr/lib/x86_64-linux-gnu/libboost_math_tr1l.so.1.71.0
    /usr/lib/x86_64-linux-gnu/libboost_mpi.a
    /usr/lib/x86_64-linux-gnu/libboost_mpi.so
    /usr/lib/x86_64-linux-gnu/libboost_mpi.so.1.71.0
    /usr/lib/x86_64-linux-gnu/libboost_mpi_python38.a
    /usr/lib/x86_64-linux-gnu/libboost_mpi_python38.so
    /usr/lib/x86_64-linux-gnu/libboost_mpi_python38.so.1.71.0
    /usr/lib/x86_64-linux-gnu/libboost_numpy38.a
    /usr/lib/x86_64-linux-gnu/libboost_numpy38.so
    /usr/lib/x86_64-linux-gnu/libboost_numpy38.so.1.71.0
    /usr/lib/x86_64-linux-gnu/libboost_prg_exec_monitor.a
    /usr/lib/x86_64-linux-gnu/libboost_prg_exec_monitor.so
    /usr/lib/x86_64-linux-gnu/libboost_prg_exec_monitor.so.1.71.0
    /usr/lib/x86_64-linux-gnu/libboost_program_options.a
    /usr/lib/x86_64-linux-gnu/libboost_program_options.so
    /usr/lib/x86_64-linux-gnu/libboost_program_options.so.1.71.0
    /usr/lib/x86_64-linux-gnu/libboost_python38.a
    /usr/lib/x86_64-linux-gnu/libboost_python38.so
    /usr/lib/x86_64-linux-gnu/libboost_python38.so.1.71.0
    /usr/lib/x86_64-linux-gnu/libboost_random.a
    /usr/lib/x86_64-linux-gnu/libboost_random.so
    /usr/lib/x86_64-linux-gnu/libboost_random.so.1.71.0
    /usr/lib/x86_64-linux-gnu/libboost_regex.a
    /usr/lib/x86_64-linux-gnu/libboost_regex.so
    /usr/lib/x86_64-linux-gnu/libboost_regex.so.1.71.0
    /usr/lib/x86_64-linux-gnu/libboost_serialization.a
    /usr/lib/x86_64-linux-gnu/libboost_serialization.so
    /usr/lib/x86_64-linux-gnu/libboost_serialization.so.1.71.0
    /usr/lib/x86_64-linux-gnu/libboost_stacktrace_addr2line.a
    /usr/lib/x86_64-linux-gnu/libboost_stacktrace_addr2line.so
    /usr/lib/x86_64-linux-gnu/libboost_stacktrace_addr2line.so.1.71.0
    /usr/lib/x86_64-linux-gnu/libboost_stacktrace_backtrace.a
    /usr/lib/x86_64-linux-gnu/libboost_stacktrace_backtrace.so
    /usr/lib/x86_64-linux-gnu/libboost_stacktrace_backtrace.so.1.71.0
    /usr/lib/x86_64-linux-gnu/libboost_stacktrace_basic.a
    /usr/lib/x86_64-linux-gnu/libboost_stacktrace_basic.so
    /usr/lib/x86_64-linux-gnu/libboost_stacktrace_basic.so.1.71.0
    /usr/lib/x86_64-linux-gnu/libboost_stacktrace_noop.a
    /usr/lib/x86_64-linux-gnu/libboost_stacktrace_noop.so
    /usr/lib/x86_64-linux-gnu/libboost_stacktrace_noop.so.1.71.0
    /usr/lib/x86_64-linux-gnu/libboost_system.a
    /usr/lib/x86_64-linux-gnu/libboost_system.so
    /usr/lib/x86_64-linux-gnu/libboost_system.so.1.71.0
    /usr/lib/x86_64-linux-gnu/libboost_test_exec_monitor.a
    /usr/lib/x86_64-linux-gnu/libboost_thread.a
    /usr/lib/x86_64-linux-gnu/libboost_thread.so
    /usr/lib/x86_64-linux-gnu/libboost_thread.so.1.71.0
    /usr/lib/x86_64-linux-gnu/libboost_timer.a
    /usr/lib/x86_64-linux-gnu/libboost_timer.so
    /usr/lib/x86_64-linux-gnu/libboost_timer.so.1.71.0
    /usr/lib/x86_64-linux-gnu/libboost_type_erasure.a
    /usr/lib/x86_64-linux-gnu/libboost_type_erasure.so
    /usr/lib/x86_64-linux-gnu/libboost_type_erasure.so.1.71.0
    /usr/lib/x86_64-linux-gnu/libboost_unit_test_framework.a
    /usr/lib/x86_64-linux-gnu/libboost_unit_test_framework.so
    /usr/lib/x86_64-linux-gnu/libboost_unit_test_framework.so.1.71.0
    /usr/lib/x86_64-linux-gnu/libboost_wave.a
    /usr/lib/x86_64-linux-gnu/libboost_wave.so
    /usr/lib/x86_64-linux-gnu/libboost_wave.so.1.71.0
    /usr/lib/x86_64-linux-gnu/libboost_wserialization.a
    /usr/lib/x86_64-linux-gnu/libboost_wserialization.so
    /usr/lib/x86_64-linux-gnu/libboost_wserialization.so.1.71.0
Trying pattern boost_stacktrace_backtrace(-gcc[0-9]{0,3})-mt-1_71.so$
Trying pattern boost_stacktrace_backtrace-mt-1_71.so$
Trying pattern boost_stacktrace_backtrace(-gcc[0-9]{0,3})-mt.so$
Trying pattern boost_stacktrace_backtrace-mt.so$
Trying pattern boost_stacktrace_backtrace.so$
Found boost lib /usr/lib/x86_64-linux-gnu/libboost_stacktrace_backtrace.so
boost_stacktrace_backtrace
----------------------------------------
Checking for boost linkage
ok
----------------------------------------
Checking boost libs
Found the boost path in /usr/lib/x86_64-linux-gnu with the libraries:
    /usr/lib/x86_64-linux-gnu/libboost_atomic.a
    /usr/lib/x86_64-linux-gnu/libboost_atomic.so
    /usr/lib/x86_64-linux-gnu/libboost_atomic.so.1.71.0
    /usr/lib/x86_64-linux-gnu/libboost_chrono.a
    /usr/lib/x86_64-linux-gnu/libboost_chrono.so
    /usr/lib/x86_64-linux-gnu/libboost_chrono.so.1.71.0
    /usr/lib/x86_64-linux-gnu/libboost_container.a
    /usr/lib/x86_64-linux-gnu/libboost_container.so
    /usr/lib/x86_64-linux-gnu/libboost_container.so.1.71.0
    /usr/lib/x86_64-linux-gnu/libboost_context.a
    /usr/lib/x86_64-linux-gnu/libboost_context.so
    /usr/lib/x86_64-linux-gnu/libboost_context.so.1.71.0
    /usr/lib/x86_64-linux-gnu/libboost_coroutine.a
    /usr/lib/x86_64-linux-gnu/libboost_coroutine.so
    /usr/lib/x86_64-linux-gnu/libboost_coroutine.so.1.71.0
    /usr/lib/x86_64-linux-gnu/libboost_date_time.a
    /usr/lib/x86_64-linux-gnu/libboost_date_time.so
    /usr/lib/x86_64-linux-gnu/libboost_date_time.so.1.71.0
    /usr/lib/x86_64-linux-gnu/libboost_exception.a
    /usr/lib/x86_64-linux-gnu/libboost_fiber.a
    /usr/lib/x86_64-linux-gnu/libboost_fiber.so
    /usr/lib/x86_64-linux-gnu/libboost_fiber.so.1.71.0
    /usr/lib/x86_64-linux-gnu/libboost_filesystem.a
    /usr/lib/x86_64-linux-gnu/libboost_filesystem.so
    /usr/lib/x86_64-linux-gnu/libboost_filesystem.so.1.71.0
    /usr/lib/x86_64-linux-gnu/libboost_graph.a
    /usr/lib/x86_64-linux-gnu/libboost_graph.so
    /usr/lib/x86_64-linux-gnu/libboost_graph.so.1.71.0
    /usr/lib/x86_64-linux-gnu/libboost_graph_parallel.a
    /usr/lib/x86_64-linux-gnu/libboost_graph_parallel.so
    /usr/lib/x86_64-linux-gnu/libboost_graph_parallel.so.1.71.0
    /usr/lib/x86_64-linux-gnu/libboost_iostreams.a
    /usr/lib/x86_64-linux-gnu/libboost_iostreams.so
    /usr/lib/x86_64-linux-gnu/libboost_iostreams.so.1.71.0
    /usr/lib/x86_64-linux-gnu/libboost_locale.a
    /usr/lib/x86_64-linux-gnu/libboost_locale.so
    /usr/lib/x86_64-linux-gnu/libboost_locale.so.1.71.0
    /usr/lib/x86_64-linux-gnu/libboost_log.a
    /usr/lib/x86_64-linux-gnu/libboost_log.so
    /usr/lib/x86_64-linux-gnu/libboost_log.so.1.71.0
    /usr/lib/x86_64-linux-gnu/libboost_log_setup.a
    /usr/lib/x86_64-linux-gnu/libboost_log_setup.so
    /usr/lib/x86_64-linux-gnu/libboost_log_setup.so.1.71.0
    /usr/lib/x86_64-linux-gnu/libboost_math_c99.a
    /usr/lib/x86_64-linux-gnu/libboost_math_c99.so
    /usr/lib/x86_64-linux-gnu/libboost_math_c99.so.1.71.0
    /usr/lib/x86_64-linux-gnu/libboost_math_c99f.a
    /usr/lib/x86_64-linux-gnu/libboost_math_c99f.so
    /usr/lib/x86_64-linux-gnu/libboost_math_c99f.so.1.71.0
    /usr/lib/x86_64-linux-gnu/libboost_math_c99l.a
    /usr/lib/x86_64-linux-gnu/libboost_math_c99l.so
    /usr/lib/x86_64-linux-gnu/libboost_math_c99l.so.1.71.0
    /usr/lib/x86_64-linux-gnu/libboost_math_tr1.a
    /usr/lib/x86_64-linux-gnu/libboost_math_tr1.so
    /usr/lib/x86_64-linux-gnu/libboost_math_tr1.so.1.71.0
    /usr/lib/x86_64-linux-gnu/libboost_math_tr1f.a
    /usr/lib/x86_64-linux-gnu/libboost_math_tr1f.so
    /usr/lib/x86_64-linux-gnu/libboost_math_tr1f.so.1.71.0
    /usr/lib/x86_64-linux-gnu/libboost_math_tr1l.a
    /usr/lib/x86_64-linux-gnu/libboost_math_tr1l.so
    /usr/lib/x86_64-linux-gnu/libboost_math_tr1l.so.1.71.0
    /usr/lib/x86_64-linux-gnu/libboost_mpi.a
    /usr/lib/x86_64-linux-gnu/libboost_mpi.so
    /usr/lib/x86_64-linux-gnu/libboost_mpi.so.1.71.0
    /usr/lib/x86_64-linux-gnu/libboost_mpi_python38.a
    /usr/lib/x86_64-linux-gnu/libboost_mpi_python38.so
    /usr/lib/x86_64-linux-gnu/libboost_mpi_python38.so.1.71.0
    /usr/lib/x86_64-linux-gnu/libboost_numpy38.a
    /usr/lib/x86_64-linux-gnu/libboost_numpy38.so
    /usr/lib/x86_64-linux-gnu/libboost_numpy38.so.1.71.0
    /usr/lib/x86_64-linux-gnu/libboost_prg_exec_monitor.a
    /usr/lib/x86_64-linux-gnu/libboost_prg_exec_monitor.so
    /usr/lib/x86_64-linux-gnu/libboost_prg_exec_monitor.so.1.71.0
    /usr/lib/x86_64-linux-gnu/libboost_program_options.a
    /usr/lib/x86_64-linux-gnu/libboost_program_options.so
    /usr/lib/x86_64-linux-gnu/libboost_program_options.so.1.71.0
    /usr/lib/x86_64-linux-gnu/libboost_python38.a
    /usr/lib/x86_64-linux-gnu/libboost_python38.so
    /usr/lib/x86_64-linux-gnu/libboost_python38.so.1.71.0
    /usr/lib/x86_64-linux-gnu/libboost_random.a
    /usr/lib/x86_64-linux-gnu/libboost_random.so
    /usr/lib/x86_64-linux-gnu/libboost_random.so.1.71.0
    /usr/lib/x86_64-linux-gnu/libboost_regex.a
    /usr/lib/x86_64-linux-gnu/libboost_regex.so
    /usr/lib/x86_64-linux-gnu/libboost_regex.so.1.71.0
    /usr/lib/x86_64-linux-gnu/libboost_serialization.a
    /usr/lib/x86_64-linux-gnu/libboost_serialization.so
    /usr/lib/x86_64-linux-gnu/libboost_serialization.so.1.71.0
    /usr/lib/x86_64-linux-gnu/libboost_stacktrace_addr2line.a
    /usr/lib/x86_64-linux-gnu/libboost_stacktrace_addr2line.so
    /usr/lib/x86_64-linux-gnu/libboost_stacktrace_addr2line.so.1.71.0
    /usr/lib/x86_64-linux-gnu/libboost_stacktrace_backtrace.a
    /usr/lib/x86_64-linux-gnu/libboost_stacktrace_backtrace.so
    /usr/lib/x86_64-linux-gnu/libboost_stacktrace_backtrace.so.1.71.0
    /usr/lib/x86_64-linux-gnu/libboost_stacktrace_basic.a
    /usr/lib/x86_64-linux-gnu/libboost_stacktrace_basic.so
    /usr/lib/x86_64-linux-gnu/libboost_stacktrace_basic.so.1.71.0
    /usr/lib/x86_64-linux-gnu/libboost_stacktrace_noop.a
    /usr/lib/x86_64-linux-gnu/libboost_stacktrace_noop.so
    /usr/lib/x86_64-linux-gnu/libboost_stacktrace_noop.so.1.71.0
    /usr/lib/x86_64-linux-gnu/libboost_system.a
    /usr/lib/x86_64-linux-gnu/libboost_system.so
    /usr/lib/x86_64-linux-gnu/libboost_system.so.1.71.0
    /usr/lib/x86_64-linux-gnu/libboost_test_exec_monitor.a
    /usr/lib/x86_64-linux-gnu/libboost_thread.a
    /usr/lib/x86_64-linux-gnu/libboost_thread.so
    /usr/lib/x86_64-linux-gnu/libboost_thread.so.1.71.0
    /usr/lib/x86_64-linux-gnu/libboost_timer.a
    /usr/lib/x86_64-linux-gnu/libboost_timer.so
    /usr/lib/x86_64-linux-gnu/libboost_timer.so.1.71.0
    /usr/lib/x86_64-linux-gnu/libboost_type_erasure.a
    /usr/lib/x86_64-linux-gnu/libboost_type_erasure.so
    /usr/lib/x86_64-linux-gnu/libboost_type_erasure.so.1.71.0
    /usr/lib/x86_64-linux-gnu/libboost_unit_test_framework.a
    /usr/lib/x86_64-linux-gnu/libboost_unit_test_framework.so
    /usr/lib/x86_64-linux-gnu/libboost_unit_test_framework.so.1.71.0
    /usr/lib/x86_64-linux-gnu/libboost_wave.a
    /usr/lib/x86_64-linux-gnu/libboost_wave.so
    /usr/lib/x86_64-linux-gnu/libboost_wave.so.1.71.0
    /usr/lib/x86_64-linux-gnu/libboost_wserialization.a
    /usr/lib/x86_64-linux-gnu/libboost_wserialization.so
    /usr/lib/x86_64-linux-gnu/libboost_wserialization.so.1.71.0
Trying pattern boost_system(-gcc[0-9]{0,3})-mt-1_71.so$
Trying pattern boost_system-mt-1_71.so$
Trying pattern boost_system(-gcc[0-9]{0,3})-mt.so$
Trying pattern boost_system-mt.so$
Trying pattern boost_system.so$
Found boost lib /usr/lib/x86_64-linux-gnu/libboost_system.so
Trying pattern boost_program_options(-gcc[0-9]{0,3})-mt-1_71.so$
Trying pattern boost_program_options-mt-1_71.so$
Trying pattern boost_program_options(-gcc[0-9]{0,3})-mt.so$
Trying pattern boost_program_options-mt.so$
Trying pattern boost_program_options.so$
Found boost lib /usr/lib/x86_64-linux-gnu/libboost_program_options.so
Trying pattern boost_chrono(-gcc[0-9]{0,3})-mt-1_71.so$
Trying pattern boost_chrono-mt-1_71.so$
Trying pattern boost_chrono(-gcc[0-9]{0,3})-mt.so$
Trying pattern boost_chrono-mt.so$
Trying pattern boost_chrono.so$
Found boost lib /usr/lib/x86_64-linux-gnu/libboost_chrono.so
Trying pattern boost_date_time(-gcc[0-9]{0,3})-mt-1_71.so$
Trying pattern boost_date_time-mt-1_71.so$
Trying pattern boost_date_time(-gcc[0-9]{0,3})-mt.so$
Trying pattern boost_date_time-mt.so$
Trying pattern boost_date_time.so$
Found boost lib /usr/lib/x86_64-linux-gnu/libboost_date_time.so
Trying pattern boost_filesystem(-gcc[0-9]{0,3})-mt-1_71.so$
Trying pattern boost_filesystem-mt-1_71.so$
Trying pattern boost_filesystem(-gcc[0-9]{0,3})-mt.so$
Trying pattern boost_filesystem-mt.so$
Trying pattern boost_filesystem.so$
Found boost lib /usr/lib/x86_64-linux-gnu/libboost_filesystem.so
Trying pattern boost_thread(-gcc[0-9]{0,3})-mt-1_71.so$
Trying pattern boost_thread-mt-1_71.so$
Trying pattern boost_thread(-gcc[0-9]{0,3})-mt.so$
Trying pattern boost_thread-mt.so$
Trying pattern boost_thread.so$
Found boost lib /usr/lib/x86_64-linux-gnu/libboost_thread.so
Trying pattern boost_log(-gcc[0-9]{0,3})-mt-1_71.so$
Trying pattern boost_log-mt-1_71.so$
Trying pattern boost_log(-gcc[0-9]{0,3})-mt.so$
Trying pattern boost_log-mt.so$
Trying pattern boost_log.so$
Found boost lib /usr/lib/x86_64-linux-gnu/libboost_log.so
Trying pattern boost_stacktrace_backtrace(-gcc[0-9]{0,3})-mt-1_71.so$
Trying pattern boost_stacktrace_backtrace-mt-1_71.so$
Trying pattern boost_stacktrace_backtrace(-gcc[0-9]{0,3})-mt.so$
Trying pattern boost_stacktrace_backtrace-mt.so$
Trying pattern boost_stacktrace_backtrace.so$
Found boost lib /usr/lib/x86_64-linux-gnu/libboost_stacktrace_backtrace.so
Trying pattern boost_unit_test_framework(-gcc[0-9]{0,3})-mt-1_71.so$
Trying pattern boost_unit_test_framework-mt-1_71.so$
Trying pattern boost_unit_test_framework(-gcc[0-9]{0,3})-mt.so$
Trying pattern boost_unit_test_framework-mt.so$
Trying pattern boost_unit_test_framework.so$
Found boost lib /usr/lib/x86_64-linux-gnu/libboost_unit_test_framework.so
boost_system boost_program_options boost_chrono boost_date_time boost_filesystem boost_thread boost_log boost_stacktrace_backtrace boost_unit_test_framework
-----------------------------------------
Checking the flags needed to use pthreads
[1/2] Compiling [32mbuild/.conf_check_c236721c7167d9c54646f51343c8e207/test.cpp[0m

['/usr/bin/g++', '-std=c++14', '-I/usr/include', '-DHAVE_STD_TO_STRING=1', '-DHAVE_ATOMIC=1', '-DHAVE_PTHREAD=1', '-DHAVE_RT=1', '-DHAVE_GETPASS=1', '-DHAVE_NETLINK=1', '-DHAVE_NETLINK_EXT_ACK=1', '-DHAVE_IFA_FLAGS=1', '-DHAVE_SQLITE3=1', '-DHAVE_OPENSSL=1', '-DBOOST_STACKTRACE_DYN_LINK', '../test.cpp', '-c', '-o/home/ndn-cxx 0.8.0/build/.conf_check_c236721c7167d9c54646f51343c8e207/testbuild/test.cpp.1.o']
[2/2] Linking [33mbuild/.conf_check_c236721c7167d9c54646f51343c8e207/testbuild/testprog[0m

['/usr/bin/g++', '-fuse-ld=gold', 'test.cpp.1.o', '-o/home/ndn-cxx 0.8.0/build/.conf_check_c236721c7167d9c54646f51343c8e207/testbuild/testprog', '-Wl,-Bstatic', '-L/usr/lib/x86_64-linux-gnu', '-Wl,-Bdynamic', '-L/usr/lib/x86_64-linux-gnu', '-lboost_system', '-lboost_program_options', '-lboost_chrono', '-lboost_date_time', '-lboost_filesystem', '-lboost_thread', '-lboost_log', '-lboost_stacktrace_backtrace', '-lboost_unit_test_framework']
err: test.cpp.1.o:test.cpp:function main: é”™è¯¯: å¯¹â€˜pthread_createâ€™æœªå®šä¹‰çš„å¼•ç”¨
test.cpp.1.o:test.cpp:function main: é”™è¯¯: å¯¹â€˜pthread_joinâ€™æœªå®šä¹‰çš„å¼•ç”¨
collect2: error: ld returned 1 exit status

from /home/ndn-cxx 0.8.0: Test does not build: Traceback (most recent call last):
  File "/home/ndn-cxx 0.8.0/.waf3-2.0.23-7dbdd0b348178777c338c9a31f6218a5/waflib/Configure.py", line 335, in run_build
    bld.compile()
  File "/home/ndn-cxx 0.8.0/.waf3-2.0.23-7dbdd0b348178777c338c9a31f6218a5/waflib/Build.py", line 176, in compile
    raise Errors.BuildError(self.producer.error)
waflib.Errors.BuildError: Build failed
 -> task in 'testprog' failed with exit status 1 (run with -v to display more information)

from /home/ndn-cxx 0.8.0: The configuration failed
[1/2] Compiling [32mbuild/.conf_check_c236721c7167d9c54646f51343c8e207/test.cpp[0m

['/usr/bin/g++', '-std=c++14', '-lpthreads', '-I/usr/include', '-DHAVE_STD_TO_STRING=1', '-DHAVE_ATOMIC=1', '-DHAVE_PTHREAD=1', '-DHAVE_RT=1', '-DHAVE_GETPASS=1', '-DHAVE_NETLINK=1', '-DHAVE_NETLINK_EXT_ACK=1', '-DHAVE_IFA_FLAGS=1', '-DHAVE_SQLITE3=1', '-DHAVE_OPENSSL=1', '-DBOOST_STACKTRACE_DYN_LINK', '../test.cpp', '-c', '-o/home/ndn-cxx 0.8.0/build/.conf_check_c236721c7167d9c54646f51343c8e207/testbuild/test.cpp.1.o']
[2/2] Linking [33mbuild/.conf_check_c236721c7167d9c54646f51343c8e207/testbuild/testprog[0m

['/usr/bin/g++', '-fuse-ld=gold', '-lpthreads', 'test.cpp.1.o', '-o/home/ndn-cxx 0.8.0/build/.conf_check_c236721c7167d9c54646f51343c8e207/testbuild/testprog', '-Wl,-Bstatic', '-L/usr/lib/x86_64-linux-gnu', '-Wl,-Bdynamic', '-L/usr/lib/x86_64-linux-gnu', '-lboost_system', '-lboost_program_options', '-lboost_chrono', '-lboost_date_time', '-lboost_filesystem', '-lboost_thread', '-lboost_log', '-lboost_stacktrace_backtrace', '-lboost_unit_test_framework']
err: /usr/bin/ld.goldï¼šé”™è¯¯ï¼š cannot find -lpthreads
test.cpp.1.o:test.cpp:function main: é”™è¯¯: å¯¹â€˜pthread_createâ€™æœªå®šä¹‰çš„å¼•ç”¨
test.cpp.1.o:test.cpp:function main: é”™è¯¯: å¯¹â€˜pthread_joinâ€™æœªå®šä¹‰çš„å¼•ç”¨
collect2: error: ld returned 1 exit status

from /home/ndn-cxx 0.8.0: Test does not build: Traceback (most recent call last):
  File "/home/ndn-cxx 0.8.0/.waf3-2.0.23-7dbdd0b348178777c338c9a31f6218a5/waflib/Configure.py", line 335, in run_build
    bld.compile()
  File "/home/ndn-cxx 0.8.0/.waf3-2.0.23-7dbdd0b348178777c338c9a31f6218a5/waflib/Build.py", line 176, in compile
    raise Errors.BuildError(self.producer.error)
waflib.Errors.BuildError: Build failed
 -> task in 'testprog' failed with exit status 1 (run with -v to display more information)

from /home/ndn-cxx 0.8.0: The configuration failed
[1/2] Compiling [32mbuild/.conf_check_c236721c7167d9c54646f51343c8e207/test.cpp[0m

['/usr/bin/g++', '-std=c++14', '-Kthread', '-I/usr/include', '-DHAVE_STD_TO_STRING=1', '-DHAVE_ATOMIC=1', '-DHAVE_PTHREAD=1', '-DHAVE_RT=1', '-DHAVE_GETPASS=1', '-DHAVE_NETLINK=1', '-DHAVE_NETLINK_EXT_ACK=1', '-DHAVE_IFA_FLAGS=1', '-DHAVE_SQLITE3=1', '-DHAVE_OPENSSL=1', '-DBOOST_STACKTRACE_DYN_LINK', '../test.cpp', '-c', '-o/home/ndn-cxx 0.8.0/build/.conf_check_c236721c7167d9c54646f51343c8e207/testbuild/test.cpp.1.o']
err: g++: error: unrecognized command line option â€˜-Kthreadâ€™; did you mean â€˜-pthreadâ€™?

from /home/ndn-cxx 0.8.0: Test does not build: Traceback (most recent call last):
  File "/home/ndn-cxx 0.8.0/.waf3-2.0.23-7dbdd0b348178777c338c9a31f6218a5/waflib/Configure.py", line 335, in run_build
    bld.compile()
  File "/home/ndn-cxx 0.8.0/.waf3-2.0.23-7dbdd0b348178777c338c9a31f6218a5/waflib/Build.py", line 176, in compile
    raise Errors.BuildError(self.producer.error)
waflib.Errors.BuildError: Build failed
 -> task in 'testprog' failed with exit status 1 (run with -v to display more information)

from /home/ndn-cxx 0.8.0: The configuration failed
[1/2] Compiling [32mbuild/.conf_check_c236721c7167d9c54646f51343c8e207/test.cpp[0m

['/usr/bin/g++', '-std=c++14', '-kthread', '-I/usr/include', '-DHAVE_STD_TO_STRING=1', '-DHAVE_ATOMIC=1', '-DHAVE_PTHREAD=1', '-DHAVE_RT=1', '-DHAVE_GETPASS=1', '-DHAVE_NETLINK=1', '-DHAVE_NETLINK_EXT_ACK=1', '-DHAVE_IFA_FLAGS=1', '-DHAVE_SQLITE3=1', '-DHAVE_OPENSSL=1', '-DBOOST_STACKTRACE_DYN_LINK', '../test.cpp', '-c', '-o/home/ndn-cxx 0.8.0/build/.conf_check_c236721c7167d9c54646f51343c8e207/testbuild/test.cpp.1.o']
err: g++: error: unrecognized command line option â€˜-kthreadâ€™; did you mean â€˜-pthreadâ€™?

from /home/ndn-cxx 0.8.0: Test does not build: Traceback (most recent call last):
  File "/home/ndn-cxx 0.8.0/.waf3-2.0.23-7dbdd0b348178777c338c9a31f6218a5/waflib/Configure.py", line 335, in run_build
    bld.compile()
  File "/home/ndn-cxx 0.8.0/.waf3-2.0.23-7dbdd0b348178777c338c9a31f6218a5/waflib/Build.py", line 176, in compile
    raise Errors.BuildError(self.producer.error)
waflib.Errors.BuildError: Build failed
 -> task in 'testprog' failed with exit status 1 (run with -v to display more information)

from /home/ndn-cxx 0.8.0: The configuration failed
[1/2] Compiling [32mbuild/.conf_check_c236721c7167d9c54646f51343c8e207/test.cpp[0m

['/usr/bin/g++', '-std=c++14', '-llthread', '-I/usr/include', '-DHAVE_STD_TO_STRING=1', '-DHAVE_ATOMIC=1', '-DHAVE_PTHREAD=1', '-DHAVE_RT=1', '-DHAVE_GETPASS=1', '-DHAVE_NETLINK=1', '-DHAVE_NETLINK_EXT_ACK=1', '-DHAVE_IFA_FLAGS=1', '-DHAVE_SQLITE3=1', '-DHAVE_OPENSSL=1', '-DBOOST_STACKTRACE_DYN_LINK', '../test.cpp', '-c', '-o/home/ndn-cxx 0.8.0/build/.conf_check_c236721c7167d9c54646f51343c8e207/testbuild/test.cpp.1.o']
[2/2] Linking [33mbuild/.conf_check_c236721c7167d9c54646f51343c8e207/testbuild/testprog[0m

['/usr/bin/g++', '-fuse-ld=gold', '-llthread', 'test.cpp.1.o', '-o/home/ndn-cxx 0.8.0/build/.conf_check_c236721c7167d9c54646f51343c8e207/testbuild/testprog', '-Wl,-Bstatic', '-L/usr/lib/x86_64-linux-gnu', '-Wl,-Bdynamic', '-L/usr/lib/x86_64-linux-gnu', '-lboost_system', '-lboost_program_options', '-lboost_chrono', '-lboost_date_time', '-lboost_filesystem', '-lboost_thread', '-lboost_log', '-lboost_stacktrace_backtrace', '-lboost_unit_test_framework']
err: /usr/bin/ld.goldï¼šé”™è¯¯ï¼š cannot find -llthread
test.cpp.1.o:test.cpp:function main: é”™è¯¯: å¯¹â€˜pthread_createâ€™æœªå®šä¹‰çš„å¼•ç”¨
test.cpp.1.o:test.cpp:function main: é”™è¯¯: å¯¹â€˜pthread_joinâ€™æœªå®šä¹‰çš„å¼•ç”¨
collect2: error: ld returned 1 exit status

from /home/ndn-cxx 0.8.0: Test does not build: Traceback (most recent call last):
  File "/home/ndn-cxx 0.8.0/.waf3-2.0.23-7dbdd0b348178777c338c9a31f6218a5/waflib/Configure.py", line 335, in run_build
    bld.compile()
  File "/home/ndn-cxx 0.8.0/.waf3-2.0.23-7dbdd0b348178777c338c9a31f6218a5/waflib/Build.py", line 176, in compile
    raise Errors.BuildError(self.producer.error)
waflib.Errors.BuildError: Build failed
 -> task in 'testprog' failed with exit status 1 (run with -v to display more information)

from /home/ndn-cxx 0.8.0: The configuration failed
[1/2] Compiling [32mbuild/.conf_check_c236721c7167d9c54646f51343c8e207/test.cpp[0m

['/usr/bin/g++', '-std=c++14', '-pthread', '-I/usr/include', '-DHAVE_STD_TO_STRING=1', '-DHAVE_ATOMIC=1', '-DHAVE_PTHREAD=1', '-DHAVE_RT=1', '-DHAVE_GETPASS=1', '-DHAVE_NETLINK=1', '-DHAVE_NETLINK_EXT_ACK=1', '-DHAVE_IFA_FLAGS=1', '-DHAVE_SQLITE3=1', '-DHAVE_OPENSSL=1', '-DBOOST_STACKTRACE_DYN_LINK', '../test.cpp', '-c', '-o/home/ndn-cxx 0.8.0/build/.conf_check_c236721c7167d9c54646f51343c8e207/testbuild/test.cpp.1.o']
[2/2] Linking [33mbuild/.conf_check_c236721c7167d9c54646f51343c8e207/testbuild/testprog[0m

['/usr/bin/g++', '-fuse-ld=gold', '-pthread', 'test.cpp.1.o', '-o/home/ndn-cxx 0.8.0/build/.conf_check_c236721c7167d9c54646f51343c8e207/testbuild/testprog', '-Wl,-Bstatic', '-L/usr/lib/x86_64-linux-gnu', '-Wl,-Bdynamic', '-L/usr/lib/x86_64-linux-gnu', '-lboost_system', '-lboost_program_options', '-lboost_chrono', '-lboost_date_time', '-lboost_filesystem', '-lboost_thread', '-lboost_log', '-lboost_stacktrace_backtrace', '-lboost_unit_test_framework']
-pthread
-----------------------------------------
Checking for boost linkage
==>

#include <boost/system/error_code.hpp>
int main() { boost::system::error_code c; }

<==
[1/2] Compiling [32mbuild/.conf_check_05da8de70d8dd8a623163740dd6e70b0/test.cpp[0m

['/usr/bin/g++', '-std=c++14', '-pthread', '-I/usr/include', '-DHAVE_STD_TO_STRING=1', '-DHAVE_ATOMIC=1', '-DHAVE_PTHREAD=1', '-DHAVE_RT=1', '-DHAVE_GETPASS=1', '-DHAVE_NETLINK=1', '-DHAVE_NETLINK_EXT_ACK=1', '-DHAVE_IFA_FLAGS=1', '-DHAVE_SQLITE3=1', '-DHAVE_OPENSSL=1', '-DBOOST_STACKTRACE_DYN_LINK', '../test.cpp', '-c', '-o/home/ndn-cxx 0.8.0/build/.conf_check_05da8de70d8dd8a623163740dd6e70b0/testbuild/test.cpp.1.o']
[2/2] Linking [33mbuild/.conf_check_05da8de70d8dd8a623163740dd6e70b0/testbuild/testprog[0m

['/usr/bin/g++', '-fuse-ld=gold', '-pthread', 'test.cpp.1.o', '-o/home/ndn-cxx 0.8.0/build/.conf_check_05da8de70d8dd8a623163740dd6e70b0/testbuild/testprog', '-Wl,-Bstatic', '-L/usr/lib/x86_64-linux-gnu', '-Wl,-Bdynamic', '-L/usr/lib/x86_64-linux-gnu', '-lboost_system', '-lboost_program_options', '-lboost_chrono', '-lboost_date_time', '-lboost_filesystem', '-lboost_thread', '-lboost_log', '-lboost_stacktrace_backtrace', '-lboost_unit_test_framework']
==>

#include <boost/thread.hpp>
int main() { boost::thread t; }

<==
[1/2] Compiling [32mbuild/.conf_check_bf21b464b5838218ecd182c30380f4f4/test.cpp[0m

['/usr/bin/g++', '-std=c++14', '-pthread', '-I/usr/include', '-DHAVE_STD_TO_STRING=1', '-DHAVE_ATOMIC=1', '-DHAVE_PTHREAD=1', '-DHAVE_RT=1', '-DHAVE_GETPASS=1', '-DHAVE_NETLINK=1', '-DHAVE_NETLINK_EXT_ACK=1', '-DHAVE_IFA_FLAGS=1', '-DHAVE_SQLITE3=1', '-DHAVE_OPENSSL=1', '-DBOOST_STACKTRACE_DYN_LINK', '../test.cpp', '-c', '-o/home/ndn-cxx 0.8.0/build/.conf_check_bf21b464b5838218ecd182c30380f4f4/testbuild/test.cpp.1.o']
[2/2] Linking [33mbuild/.conf_check_bf21b464b5838218ecd182c30380f4f4/testbuild/testprog[0m

['/usr/bin/g++', '-fuse-ld=gold', '-pthread', 'test.cpp.1.o', '-o/home/ndn-cxx 0.8.0/build/.conf_check_bf21b464b5838218ecd182c30380f4f4/testbuild/testprog', '-Wl,-Bstatic', '-L/usr/lib/x86_64-linux-gnu', '-Wl,-Bdynamic', '-L/usr/lib/x86_64-linux-gnu', '-lboost_system', '-lboost_program_options', '-lboost_chrono', '-lboost_date_time', '-lboost_filesystem', '-lboost_thread', '-lboost_log', '-lboost_stacktrace_backtrace', '-lboost_unit_test_framework']
==>

#include <boost/log/trivial.hpp>
int main() { BOOST_LOG_TRIVIAL(info) << "boost_log is working"; }

<==
[1/2] Compiling [32mbuild/.conf_check_cee1b304be9321807355ace120add1ef/test.cpp[0m

['/usr/bin/g++', '-std=c++14', '-pthread', '-I/usr/include', '-DHAVE_STD_TO_STRING=1', '-DHAVE_ATOMIC=1', '-DHAVE_PTHREAD=1', '-DHAVE_RT=1', '-DHAVE_GETPASS=1', '-DHAVE_NETLINK=1', '-DHAVE_NETLINK_EXT_ACK=1', '-DHAVE_IFA_FLAGS=1', '-DHAVE_SQLITE3=1', '-DHAVE_OPENSSL=1', '-DBOOST_STACKTRACE_DYN_LINK', '-DBOOST_LOG_DYN_LINK', '../test.cpp', '-c', '-o/home/ndn-cxx 0.8.0/build/.conf_check_cee1b304be9321807355ace120add1ef/testbuild/test.cpp.1.o']
[2/2] Linking [33mbuild/.conf_check_cee1b304be9321807355ace120add1ef/testbuild/testprog[0m

['/usr/bin/g++', '-fuse-ld=gold', '-pthread', 'test.cpp.1.o', '-o/home/ndn-cxx 0.8.0/build/.conf_check_cee1b304be9321807355ace120add1ef/testbuild/testprog', '-Wl,-Bstatic', '-L/usr/lib/x86_64-linux-gnu', '-Wl,-Bdynamic', '-L/usr/lib/x86_64-linux-gnu', '-lboost_system', '-lboost_program_options', '-lboost_chrono', '-lboost_date_time', '-lboost_filesystem', '-lboost_thread', '-lboost_log', '-lboost_stacktrace_backtrace', '-lboost_unit_test_framework']
ok
-----------------------------------------
Checking supported CXXFLAGS
==>

int main(int argc, char **argv) {
	(void)argc; (void)argv;
	return 0;
}

<==
[1/2] Compiling [32mbuild/.conf_check_6e9924c4e813a12b87d3bf55eda42ceb/test.cpp[0m

['/usr/bin/g++', '-std=c++14', '-Werror', '-O2', '-DHAVE_STD_TO_STRING=1', '-DHAVE_ATOMIC=1', '-DHAVE_PTHREAD=1', '-DHAVE_RT=1', '-DHAVE_GETPASS=1', '-DHAVE_NETLINK=1', '-DHAVE_NETLINK_EXT_ACK=1', '-DHAVE_IFA_FLAGS=1', '-DHAVE_SQLITE3=1', '-DHAVE_OPENSSL=1', '../test.cpp', '-c', '-o/home/ndn-cxx 0.8.0/build/.conf_check_6e9924c4e813a12b87d3bf55eda42ceb/testbuild/test.cpp.1.o']
[2/2] Linking [33mbuild/.conf_check_6e9924c4e813a12b87d3bf55eda42ceb/testbuild/testprog[0m

['/usr/bin/g++', '-fuse-ld=gold', 'test.cpp.1.o', '-o/home/ndn-cxx 0.8.0/build/.conf_check_6e9924c4e813a12b87d3bf55eda42ceb/testbuild/testprog', '-Wl,-Bstatic', '-Wl,-Bdynamic']
==>

int main(int argc, char **argv) {
	(void)argc; (void)argv;
	return 0;
}

<==
[1/2] Compiling [32mbuild/.conf_check_5cb416585c0b23f5a7b2f5c832c9c5f0/test.cpp[0m

['/usr/bin/g++', '-std=c++14', '-Werror', '-g', '-DHAVE_STD_TO_STRING=1', '-DHAVE_ATOMIC=1', '-DHAVE_PTHREAD=1', '-DHAVE_RT=1', '-DHAVE_GETPASS=1', '-DHAVE_NETLINK=1', '-DHAVE_NETLINK_EXT_ACK=1', '-DHAVE_IFA_FLAGS=1', '-DHAVE_SQLITE3=1', '-DHAVE_OPENSSL=1', '../test.cpp', '-c', '-o/home/ndn-cxx 0.8.0/build/.conf_check_5cb416585c0b23f5a7b2f5c832c9c5f0/testbuild/test.cpp.1.o']
[2/2] Linking [33mbuild/.conf_check_5cb416585c0b23f5a7b2f5c832c9c5f0/testbuild/testprog[0m

['/usr/bin/g++', '-fuse-ld=gold', 'test.cpp.1.o', '-o/home/ndn-cxx 0.8.0/build/.conf_check_5cb416585c0b23f5a7b2f5c832c9c5f0/testbuild/testprog', '-Wl,-Bstatic', '-Wl,-Bdynamic']
==>

int main(int argc, char **argv) {
	(void)argc; (void)argv;
	return 0;
}

<==
[1/2] Compiling [32mbuild/.conf_check_f587845fc35f6ff1a3031f32374d01a5/test.cpp[0m

['/usr/bin/g++', '-std=c++14', '-Werror', '-pedantic', '-DHAVE_STD_TO_STRING=1', '-DHAVE_ATOMIC=1', '-DHAVE_PTHREAD=1', '-DHAVE_RT=1', '-DHAVE_GETPASS=1', '-DHAVE_NETLINK=1', '-DHAVE_NETLINK_EXT_ACK=1', '-DHAVE_IFA_FLAGS=1', '-DHAVE_SQLITE3=1', '-DHAVE_OPENSSL=1', '../test.cpp', '-c', '-o/home/ndn-cxx 0.8.0/build/.conf_check_f587845fc35f6ff1a3031f32374d01a5/testbuild/test.cpp.1.o']
[2/2] Linking [33mbuild/.conf_check_f587845fc35f6ff1a3031f32374d01a5/testbuild/testprog[0m

['/usr/bin/g++', '-fuse-ld=gold', 'test.cpp.1.o', '-o/home/ndn-cxx 0.8.0/build/.conf_check_f587845fc35f6ff1a3031f32374d01a5/testbuild/testprog', '-Wl,-Bstatic', '-Wl,-Bdynamic']
==>

int main(int argc, char **argv) {
	(void)argc; (void)argv;
	return 0;
}

<==
[1/2] Compiling [32mbuild/.conf_check_4749d9e8c04507dda76b3fefd1a26dd1/test.cpp[0m

['/usr/bin/g++', '-std=c++14', '-Werror', '-Wall', '-DHAVE_STD_TO_STRING=1', '-DHAVE_ATOMIC=1', '-DHAVE_PTHREAD=1', '-DHAVE_RT=1', '-DHAVE_GETPASS=1', '-DHAVE_NETLINK=1', '-DHAVE_NETLINK_EXT_ACK=1', '-DHAVE_IFA_FLAGS=1', '-DHAVE_SQLITE3=1', '-DHAVE_OPENSSL=1', '../test.cpp', '-c', '-o/home/ndn-cxx 0.8.0/build/.conf_check_4749d9e8c04507dda76b3fefd1a26dd1/testbuild/test.cpp.1.o']
[2/2] Linking [33mbuild/.conf_check_4749d9e8c04507dda76b3fefd1a26dd1/testbuild/testprog[0m

['/usr/bin/g++', '-fuse-ld=gold', 'test.cpp.1.o', '-o/home/ndn-cxx 0.8.0/build/.conf_check_4749d9e8c04507dda76b3fefd1a26dd1/testbuild/testprog', '-Wl,-Bstatic', '-Wl,-Bdynamic']
==>

int main(int argc, char **argv) {
	(void)argc; (void)argv;
	return 0;
}

<==
[1/2] Compiling [32mbuild/.conf_check_7f31cb7e73c3a618d739468613687f75/test.cpp[0m

['/usr/bin/g++', '-std=c++14', '-Werror', '-Wextra', '-DHAVE_STD_TO_STRING=1', '-DHAVE_ATOMIC=1', '-DHAVE_PTHREAD=1', '-DHAVE_RT=1', '-DHAVE_GETPASS=1', '-DHAVE_NETLINK=1', '-DHAVE_NETLINK_EXT_ACK=1', '-DHAVE_IFA_FLAGS=1', '-DHAVE_SQLITE3=1', '-DHAVE_OPENSSL=1', '../test.cpp', '-c', '-o/home/ndn-cxx 0.8.0/build/.conf_check_7f31cb7e73c3a618d739468613687f75/testbuild/test.cpp.1.o']
[2/2] Linking [33mbuild/.conf_check_7f31cb7e73c3a618d739468613687f75/testbuild/testprog[0m

['/usr/bin/g++', '-fuse-ld=gold', 'test.cpp.1.o', '-o/home/ndn-cxx 0.8.0/build/.conf_check_7f31cb7e73c3a618d739468613687f75/testbuild/testprog', '-Wl,-Bstatic', '-Wl,-Bdynamic']
==>

int main(int argc, char **argv) {
	(void)argc; (void)argv;
	return 0;
}

<==
[1/2] Compiling [32mbuild/.conf_check_be44d6f6f21ba28958fa693eee769f6c/test.cpp[0m

['/usr/bin/g++', '-std=c++14', '-Werror', '-Wcatch-value=2', '-DHAVE_STD_TO_STRING=1', '-DHAVE_ATOMIC=1', '-DHAVE_PTHREAD=1', '-DHAVE_RT=1', '-DHAVE_GETPASS=1', '-DHAVE_NETLINK=1', '-DHAVE_NETLINK_EXT_ACK=1', '-DHAVE_IFA_FLAGS=1', '-DHAVE_SQLITE3=1', '-DHAVE_OPENSSL=1', '../test.cpp', '-c', '-o/home/ndn-cxx 0.8.0/build/.conf_check_be44d6f6f21ba28958fa693eee769f6c/testbuild/test.cpp.1.o']
[2/2] Linking [33mbuild/.conf_check_be44d6f6f21ba28958fa693eee769f6c/testbuild/testprog[0m

['/usr/bin/g++', '-fuse-ld=gold', 'test.cpp.1.o', '-o/home/ndn-cxx 0.8.0/build/.conf_check_be44d6f6f21ba28958fa693eee769f6c/testbuild/testprog', '-Wl,-Bstatic', '-Wl,-Bdynamic']
==>

int main(int argc, char **argv) {
	(void)argc; (void)argv;
	return 0;
}

<==
[1/2] Compiling [32mbuild/.conf_check_10842bf67cbab827eb1d622627973c71/test.cpp[0m

['/usr/bin/g++', '-std=c++14', '-Werror', '-Wextra-semi', '-DHAVE_STD_TO_STRING=1', '-DHAVE_ATOMIC=1', '-DHAVE_PTHREAD=1', '-DHAVE_RT=1', '-DHAVE_GETPASS=1', '-DHAVE_NETLINK=1', '-DHAVE_NETLINK_EXT_ACK=1', '-DHAVE_IFA_FLAGS=1', '-DHAVE_SQLITE3=1', '-DHAVE_OPENSSL=1', '../test.cpp', '-c', '-o/home/ndn-cxx 0.8.0/build/.conf_check_10842bf67cbab827eb1d622627973c71/testbuild/test.cpp.1.o']
[2/2] Linking [33mbuild/.conf_check_10842bf67cbab827eb1d622627973c71/testbuild/testprog[0m

['/usr/bin/g++', '-fuse-ld=gold', 'test.cpp.1.o', '-o/home/ndn-cxx 0.8.0/build/.conf_check_10842bf67cbab827eb1d622627973c71/testbuild/testprog', '-Wl,-Bstatic', '-Wl,-Bdynamic']
==>

int main(int argc, char **argv) {
	(void)argc; (void)argv;
	return 0;
}

<==
[1/2] Compiling [32mbuild/.conf_check_26357bb70aa2f4f90478aedb8f7628d3/test.cpp[0m

['/usr/bin/g++', '-std=c++14', '-Werror', '-Wnon-virtual-dtor', '-DHAVE_STD_TO_STRING=1', '-DHAVE_ATOMIC=1', '-DHAVE_PTHREAD=1', '-DHAVE_RT=1', '-DHAVE_GETPASS=1', '-DHAVE_NETLINK=1', '-DHAVE_NETLINK_EXT_ACK=1', '-DHAVE_IFA_FLAGS=1', '-DHAVE_SQLITE3=1', '-DHAVE_OPENSSL=1', '../test.cpp', '-c', '-o/home/ndn-cxx 0.8.0/build/.conf_check_26357bb70aa2f4f90478aedb8f7628d3/testbuild/test.cpp.1.o']
[2/2] Linking [33mbuild/.conf_check_26357bb70aa2f4f90478aedb8f7628d3/testbuild/testprog[0m

['/usr/bin/g++', '-fuse-ld=gold', 'test.cpp.1.o', '-o/home/ndn-cxx 0.8.0/build/.conf_check_26357bb70aa2f4f90478aedb8f7628d3/testbuild/testprog', '-Wl,-Bstatic', '-Wl,-Bdynamic']
==>

int main(int argc, char **argv) {
	(void)argc; (void)argv;
	return 0;
}

<==
[1/2] Compiling [32mbuild/.conf_check_94f8a1fce90ed9c50731a3bf40b9f531/test.cpp[0m

['/usr/bin/g++', '-std=c++14', '-Werror', '-Wno-unused-parameter', '-DHAVE_STD_TO_STRING=1', '-DHAVE_ATOMIC=1', '-DHAVE_PTHREAD=1', '-DHAVE_RT=1', '-DHAVE_GETPASS=1', '-DHAVE_NETLINK=1', '-DHAVE_NETLINK_EXT_ACK=1', '-DHAVE_IFA_FLAGS=1', '-DHAVE_SQLITE3=1', '-DHAVE_OPENSSL=1', '../test.cpp', '-c', '-o/home/ndn-cxx 0.8.0/build/.conf_check_94f8a1fce90ed9c50731a3bf40b9f531/testbuild/test.cpp.1.o']
[2/2] Linking [33mbuild/.conf_check_94f8a1fce90ed9c50731a3bf40b9f531/testbuild/testprog[0m

['/usr/bin/g++', '-fuse-ld=gold', 'test.cpp.1.o', '-o/home/ndn-cxx 0.8.0/build/.conf_check_94f8a1fce90ed9c50731a3bf40b9f531/testbuild/testprog', '-Wl,-Bstatic', '-Wl,-Bdynamic']
==>

int main(int argc, char **argv) {
	(void)argc; (void)argv;
	return 0;
}

<==
[1/2] Compiling [32mbuild/.conf_check_a2d74fcbeb8e363de2d9ac90ea844be5/test.cpp[0m

['/usr/bin/g++', '-std=c++14', '-Werror', '-fdiagnostics-color', '-DHAVE_STD_TO_STRING=1', '-DHAVE_ATOMIC=1', '-DHAVE_PTHREAD=1', '-DHAVE_RT=1', '-DHAVE_GETPASS=1', '-DHAVE_NETLINK=1', '-DHAVE_NETLINK_EXT_ACK=1', '-DHAVE_IFA_FLAGS=1', '-DHAVE_SQLITE3=1', '-DHAVE_OPENSSL=1', '../test.cpp', '-c', '-o/home/ndn-cxx 0.8.0/build/.conf_check_a2d74fcbeb8e363de2d9ac90ea844be5/testbuild/test.cpp.1.o']
[2/2] Linking [33mbuild/.conf_check_a2d74fcbeb8e363de2d9ac90ea844be5/testbuild/testprog[0m

['/usr/bin/g++', '-fuse-ld=gold', 'test.cpp.1.o', '-o/home/ndn-cxx 0.8.0/build/.conf_check_a2d74fcbeb8e363de2d9ac90ea844be5/testbuild/testprog', '-Wl,-Bstatic', '-Wl,-Bdynamic']
==>

int main(int argc, char **argv) {
	(void)argc; (void)argv;
	return 0;
}

<==
[1/2] Compiling [32mbuild/.conf_check_a14d8f037c49dd72141582a027b58df8/test.cpp[0m

['/usr/bin/g++', '-std=c++14', '-Werror', '-Wredundant-tags', '-DHAVE_STD_TO_STRING=1', '-DHAVE_ATOMIC=1', '-DHAVE_PTHREAD=1', '-DHAVE_RT=1', '-DHAVE_GETPASS=1', '-DHAVE_NETLINK=1', '-DHAVE_NETLINK_EXT_ACK=1', '-DHAVE_IFA_FLAGS=1', '-DHAVE_SQLITE3=1', '-DHAVE_OPENSSL=1', '../test.cpp', '-c', '-o/home/ndn-cxx 0.8.0/build/.conf_check_a14d8f037c49dd72141582a027b58df8/testbuild/test.cpp.1.o']
err: g++: error: unrecognized command line option â€˜-Wredundant-tagsâ€™; did you mean â€˜-Wredundant-declsâ€™?

from /home/ndn-cxx 0.8.0: Test does not build: Traceback (most recent call last):
  File "/home/ndn-cxx 0.8.0/.waf3-2.0.23-7dbdd0b348178777c338c9a31f6218a5/waflib/Configure.py", line 335, in run_build
    bld.compile()
  File "/home/ndn-cxx 0.8.0/.waf3-2.0.23-7dbdd0b348178777c338c9a31f6218a5/waflib/Build.py", line 176, in compile
    raise Errors.BuildError(self.producer.error)
waflib.Errors.BuildError: Build failed
 -> task in 'testprog' failed with exit status 1 (run with -v to display more information)

from /home/ndn-cxx 0.8.0: The configuration failed
-O2 -g -pedantic -Wall -Wextra -Wcatch-value=2 -Wextra-semi -Wnon-virtual-dtor -Wno-unused-parameter -fdiagnostics-color
-----------------------------------------
Checking supported LINKFLAGS
==>

int main(int argc, char **argv) {
	(void)argc; (void)argv;
	return 0;
}

<==
[1/2] Compiling [32mbuild/.conf_check_14e4ae6a9884b49336376db4e3a4b320/test.cpp[0m

['/usr/bin/g++', '-O2', '-g', '-pedantic', '-Wall', '-Wextra', '-Wcatch-value=2', '-Wextra-semi', '-Wnon-virtual-dtor', '-Wno-unused-parameter', '-fdiagnostics-color', '-std=c++14', '-DHAVE_STD_TO_STRING=1', '-DHAVE_ATOMIC=1', '-DHAVE_PTHREAD=1', '-DHAVE_RT=1', '-DHAVE_GETPASS=1', '-DHAVE_NETLINK=1', '-DHAVE_NETLINK_EXT_ACK=1', '-DHAVE_IFA_FLAGS=1', '-DHAVE_SQLITE3=1', '-DHAVE_OPENSSL=1', '../test.cpp', '-c', '-o/home/ndn-cxx 0.8.0/build/.conf_check_14e4ae6a9884b49336376db4e3a4b320/testbuild/test.cpp.1.o']
[2/2] Linking [33mbuild/.conf_check_14e4ae6a9884b49336376db4e3a4b320/testbuild/testprog[0m

['/usr/bin/g++', '-fuse-ld=gold', '-Werror', '-Wl,-O1', 'test.cpp.1.o', '-o/home/ndn-cxx 0.8.0/build/.conf_check_14e4ae6a9884b49336376db4e3a4b320/testbuild/testprog', '-Wl,-Bstatic', '-Wl,-Bdynamic']
-Wl,-O1
